<?xml version="1.0" encoding="UTF-8"?>
<testsuite xmlns:xsi="http://www.w3.org/2001/XMLSchema-instance" xsi:noNamespaceSchemaLocation="https://maven.apache.org/surefire/maven-surefire-plugin/xsd/surefire-test-report-3.0.xsd" version="3.0" name="selenium.SeleniumApplicationTests" time="3.82" tests="1" errors="0" skipped="0" failures="0">
  <properties>
[...]
</properties>
  <testcase name="contextLoads" classname="selenium.SeleniumApplicationTests" time="1.412">
    <system-out><![CDATA[13:31:35.849 [main] INFO org.springframework.test.context.support.AnnotationConfigContextLoaderUtils -- Could not detect default configuration classes for test class [selenium.SeleniumApplicationTests]: SeleniumApplicationTests does not declare any static, non-private, non-final, nested classes annotated with @Configuration.
13:31:35.925 [main] INFO org.springframework.boot.test.context.SpringBootTestContextBootstrapper -- Found @SpringBootConfiguration selenium.SeleniumApplication for test class selenium.SeleniumApplicationTests
13:31:36.085 [main] INFO org.springframework.boot.devtools.restart.RestartApplicationListener -- Restart disabled due to context in which it is running

  .   ____          _            __ _ _
 /\\ / ___'_ __ _ _(_)_ __  __ _ \ \ \ \
( ( )\___ | '_ | '_| | '_ \/ _` | \ \ \ \
 \\/  ___)| |_)| | | | | || (_| |  ) ) ) )
  '  |____| .__|_| |_|_| |_\__, | / / / /
 =========|_|==============|___/=/_/_/_/

 :: Spring Boot ::                (v3.3.1)

2024-07-04T13:31:36.298+09:00  INFO 14172 --- [selenium] [           main] selenium.SeleniumApplicationTests        : Starting SeleniumApplicationTests using Java 17.0.4 with PID 14172 (started by cjh in D:\문서\99.기타\workspace\selenium)
2024-07-04T13:31:36.299+09:00  INFO 14172 --- [selenium] [           main] selenium.SeleniumApplicationTests        : No active profile set, falling back to 1 default profile: "default"
2024-07-04T13:31:37.878+09:00  INFO 14172 --- [selenium] [           main] o.s.b.a.e.web.EndpointLinksResolver      : Exposing 1 endpoint beneath base path '/actuator'
2024-07-04T13:31:38.000+09:00  INFO 14172 --- [selenium] [           main] selenium.SeleniumApplicationTests        : Started SeleniumApplicationTests in 1.93 seconds (process running for 2.834)
]]></system-out>
  </testcase>
</testsuite>